2025-07-31 18:02:00,774 [INFO] Use pytorch device_name: cpu
2025-07-31 18:02:00,774 [INFO] Load pretrained SentenceTransformer: all-MiniLM-L6-v2
2025-07-31 18:02:05,567 [INFO] Application started
2025-07-31 18:02:05,626 [INFO] [31m[1mWARNING: This is a development server. Do not use it in a production deployment. Use a production WSGI server instead.[0m
 * Running on http://127.0.0.1:5000
2025-07-31 18:02:05,626 [INFO] [33mPress CTRL+C to quit[0m
2025-07-31 18:08:03,307 [INFO] Job running: init-db (indexed=0) error=None
2025-07-31 18:08:03,307 [INFO] 127.0.0.1 - - [31/Jul/2025 18:08:03] "POST /task HTTP/1.1" 200 -
2025-07-31 18:08:03,327 [INFO] Job running: scan-files (indexed=0) error=None
2025-07-31 18:08:05,499 [WARNING] Illegal character in Name Object (b'/\xb7s\xb2\xd3\xa9\xfa\xc5\xe9+5+1,Bold')
2025-07-31 18:08:06,087 [WARNING] Illegal character in Name Object (b'/\xb7s\xb2\xd3\xa9\xfa\xc5\xe9+5+1,Bold')
2025-07-31 18:08:09,219 [WARNING] Illegal character in Name Object (b'/\xb7s\xb2\xd3\xa9\xfa\xc5\xe9+2+1')
2025-07-31 18:08:09,227 [WARNING] Illegal character in Name Object (b'/\xb7s\xb2\xd3\xa9\xfa\xc5\xe9')
2025-07-31 18:08:21,524 [INFO] Job running: insert-db (indexed=0) error=None
2025-07-31 18:08:21,745 [INFO] Job running: index-faiss (indexed=0) error=None
2025-07-31 18:08:38,862 [INFO] Job done: complete (indexed=224) error=None
2025-07-31 18:09:25,886 [INFO] 127.0.0.1 - - [31/Jul/2025 18:09:25] "POST /task HTTP/1.1" 200 -
2025-07-31 18:10:30,396 [INFO] 127.0.0.1 - - [31/Jul/2025 18:10:30] "POST /task HTTP/1.1" 200 -
2025-07-31 18:12:53,156 [INFO] Use pytorch device_name: cpu
2025-07-31 18:12:53,156 [INFO] Load pretrained SentenceTransformer: all-MiniLM-L6-v2
2025-07-31 18:12:57,673 [INFO] Application started
2025-07-31 18:12:57,673 [INFO] Running Smart Rescan at startup...
2025-07-31 18:12:57,673 [INFO] Job running: compute-changes (indexed=0) error=None
2025-07-31 18:12:57,679 [INFO] [31m[1mWARNING: This is a development server. Do not use it in a production deployment. Use a production WSGI server instead.[0m
 * Running on http://127.0.0.1:5000
2025-07-31 18:12:57,679 [INFO] [33mPress CTRL+C to quit[0m
2025-07-31 18:12:57,716 [INFO] Job running: apply-deletes(3) (indexed=0) error=None
2025-07-31 18:12:57,805 [INFO] Job running: build-docs(225) (indexed=0) error=None
2025-07-31 18:13:02,152 [WARNING] Illegal character in Name Object (b'/\xb7s\xb2\xd3\xa9\xfa\xc5\xe9+5+1,Bold')
2025-07-31 18:13:02,524 [WARNING] Illegal character in Name Object (b'/\xb7s\xb2\xd3\xa9\xfa\xc5\xe9+5+1,Bold')
2025-07-31 18:13:02,871 [WARNING] Illegal character in Name Object (b'/\xb7s\xb2\xd3\xa9\xfa\xc5\xe9+2+1')
2025-07-31 18:13:02,871 [WARNING] Illegal character in Name Object (b'/\xb7s\xb2\xd3\xa9\xfa\xc5\xe9')
2025-07-31 18:13:02,945 [INFO] Job running: update-db (indexed=0) error=None
2025-07-31 18:13:05,591 [INFO] Job running: index-faiss(225) (indexed=0) error=None
2025-07-31 18:13:16,708 [INFO] Job done: smart-rescan (indexed=5) error=None
2025-07-31 18:13:51,056 [INFO] 127.0.0.1 - - [31/Jul/2025 18:13:51] "POST /task HTTP/1.1" 200 -
2025-07-31 18:14:27,286 [INFO] 127.0.0.1 - - [31/Jul/2025 18:14:27] "POST /task HTTP/1.1" 200 -
2025-07-31 19:03:29,293 [INFO] Use pytorch device_name: cpu
2025-07-31 19:03:29,293 [INFO] Load pretrained SentenceTransformer: all-MiniLM-L6-v2
2025-07-31 19:03:33,888 [INFO] Application started
2025-07-31 19:03:33,888 [INFO] Running Smart Rescan at startup...
2025-07-31 19:03:33,895 [INFO] Job running: compute-changes (indexed=0) error=None
2025-07-31 19:03:33,905 [INFO] [31m[1mWARNING: This is a development server. Do not use it in a production deployment. Use a production WSGI server instead.[0m
 * Running on http://127.0.0.1:5000
2025-07-31 19:03:33,905 [INFO] [33mPress CTRL+C to quit[0m
2025-07-31 19:03:34,005 [INFO] Job running: apply-deletes(0) (indexed=0) error=None
2025-07-31 19:03:34,025 [INFO] Job running: build-docs(226) (indexed=0) error=None
2025-07-31 19:03:38,071 [WARNING] Illegal character in Name Object (b'/\xb7s\xb2\xd3\xa9\xfa\xc5\xe9+5+1,Bold')
2025-07-31 19:03:39,730 [WARNING] Illegal character in Name Object (b'/\xb7s\xb2\xd3\xa9\xfa\xc5\xe9+5+1,Bold')
2025-07-31 19:03:44,671 [WARNING] Illegal character in Name Object (b'/\xb7s\xb2\xd3\xa9\xfa\xc5\xe9+2+1')
2025-07-31 19:03:44,671 [WARNING] Illegal character in Name Object (b'/\xb7s\xb2\xd3\xa9\xfa\xc5\xe9')
2025-07-31 19:03:48,582 [INFO] Job running: update-db (indexed=0) error=None
2025-07-31 19:03:50,556 [INFO] Job running: index-faiss(226) (indexed=0) error=None
2025-07-31 19:03:57,927 [INFO] Job done: smart-rescan (indexed=3) error=None
2025-07-31 19:05:59,275 [INFO] \U0001f50d Search query received: 'resume'
2025-07-31 19:05:59,410 [INFO] 127.0.0.1 - - [31/Jul/2025 19:05:59] "POST /task HTTP/1.1" 200 -
2025-07-31 19:09:03,994 [INFO] 127.0.0.1 - - [31/Jul/2025 19:09:03] "POST /task HTTP/1.1" 200 -
2025-07-31 19:09:41,851 [INFO] Job running: compute-changes (indexed=0) error=None
2025-07-31 19:09:41,851 [INFO] 127.0.0.1 - - [31/Jul/2025 19:09:41] "POST /task HTTP/1.1" 200 -
2025-07-31 19:09:41,969 [INFO] Job running: apply-deletes(0) (indexed=0) error=None
2025-07-31 19:09:41,971 [INFO] Job running: build-docs(226) (indexed=0) error=None
2025-07-31 19:09:43,608 [WARNING] Illegal character in Name Object (b'/\xb7s\xb2\xd3\xa9\xfa\xc5\xe9+5+1,Bold')
2025-07-31 19:09:44,282 [WARNING] Illegal character in Name Object (b'/\xb7s\xb2\xd3\xa9\xfa\xc5\xe9+5+1,Bold')
2025-07-31 19:09:45,590 [WARNING] Illegal character in Name Object (b'/\xb7s\xb2\xd3\xa9\xfa\xc5\xe9+2+1')
2025-07-31 19:09:45,590 [WARNING] Illegal character in Name Object (b'/\xb7s\xb2\xd3\xa9\xfa\xc5\xe9')
2025-07-31 19:09:47,828 [INFO] Job running: update-db (indexed=0) error=None
2025-07-31 19:09:49,706 [INFO] Job running: index-faiss(226) (indexed=0) error=None
2025-07-31 19:09:51,614 [INFO] 127.0.0.1 - - [31/Jul/2025 19:09:51] "POST /task HTTP/1.1" 200 -
2025-07-31 19:09:56,701 [INFO] Job done: smart-rescan (indexed=1) error=None
2025-07-31 19:24:44,433 [INFO] Use pytorch device_name: cpu
2025-07-31 19:24:44,433 [INFO] Load pretrained SentenceTransformer: all-MiniLM-L6-v2
2025-07-31 19:24:48,423 [INFO] Application started
2025-07-31 19:24:48,423 [INFO] Running Smart Rescan at startup...
2025-07-31 19:24:48,423 [INFO] Job running: compute-changes (indexed=0) error=None
2025-07-31 19:24:48,443 [INFO] [31m[1mWARNING: This is a development server. Do not use it in a production deployment. Use a production WSGI server instead.[0m
 * Running on http://127.0.0.1:5000
2025-07-31 19:24:48,443 [INFO] [33mPress CTRL+C to quit[0m
2025-07-31 19:24:48,683 [INFO] Job running: apply-deletes(0) (indexed=0) error=None
2025-07-31 19:24:48,713 [INFO] Job running: build-docs(227) (indexed=0) error=None
2025-07-31 19:24:49,885 [WARNING] Illegal character in Name Object (b'/\xb7s\xb2\xd3\xa9\xfa\xc5\xe9+2+1')
2025-07-31 19:24:49,885 [WARNING] Illegal character in Name Object (b'/\xb7s\xb2\xd3\xa9\xfa\xc5\xe9')
2025-07-31 19:24:53,821 [WARNING] Illegal character in Name Object (b'/\xb7s\xb2\xd3\xa9\xfa\xc5\xe9+5+1,Bold')
2025-07-31 19:24:58,753 [WARNING] Illegal character in Name Object (b'/\xb7s\xb2\xd3\xa9\xfa\xc5\xe9+5+1,Bold')
2025-07-31 19:25:02,476 [INFO] Job running: update-db (indexed=0) error=None
2025-07-31 19:25:05,103 [INFO] Job running: index-faiss(227) (indexed=0) error=None
2025-07-31 19:25:20,907 [INFO] Job done: smart-rescan (indexed=5) error=None
2025-07-31 19:54:24,546 [INFO] Use pytorch device_name: cpu
2025-07-31 19:54:24,546 [INFO] Load pretrained SentenceTransformer: all-MiniLM-L6-v2
2025-07-31 19:54:29,652 [INFO] Application started
2025-07-31 19:54:29,693 [INFO] Use pytorch device_name: cpu
2025-07-31 19:54:29,693 [INFO] Load pretrained SentenceTransformer: all-MiniLM-L6-v2
2025-07-31 19:54:33,441 [INFO] \U0001f504 Auto Smart Rescan Triggered from watcher.
2025-07-31 19:54:33,441 [INFO] Running Smart Rescan at startup...
2025-07-31 19:54:33,441 [INFO] Job running: compute-changes (indexed=0) error=None
2025-07-31 19:54:33,441 [INFO] Job running: compute-changes (indexed=0) error=None
2025-07-31 19:54:33,460 [INFO] [31m[1mWARNING: This is a development server. Do not use it in a production deployment. Use a production WSGI server instead.[0m
 * Running on http://127.0.0.1:5000
2025-07-31 19:54:33,460 [INFO] [33mPress CTRL+C to quit[0m
2025-07-31 19:54:33,550 [INFO] Job running: apply-deletes(0) (indexed=0) error=None
2025-07-31 19:54:33,550 [INFO] Job running: build-docs(228) (indexed=0) error=None
2025-07-31 19:54:33,632 [INFO] Job running: apply-deletes(0) (indexed=0) error=None
2025-07-31 19:54:33,632 [INFO] Job running: build-docs(228) (indexed=0) error=None
2025-07-31 19:54:40,260 [WARNING] Illegal character in Name Object (b'/\xb7s\xb2\xd3\xa9\xfa\xc5\xe9+2+1')
2025-07-31 19:54:40,260 [WARNING] Illegal character in Name Object (b'/\xb7s\xb2\xd3\xa9\xfa\xc5\xe9+2+1')
2025-07-31 19:54:40,260 [WARNING] Illegal character in Name Object (b'/\xb7s\xb2\xd3\xa9\xfa\xc5\xe9')
2025-07-31 19:54:40,260 [WARNING] Illegal character in Name Object (b'/\xb7s\xb2\xd3\xa9\xfa\xc5\xe9')
2025-07-31 19:54:40,413 [WARNING] Illegal character in Name Object (b'/\xb7s\xb2\xd3\xa9\xfa\xc5\xe9+5+1,Bold')
2025-07-31 19:54:40,455 [WARNING] Illegal character in Name Object (b'/\xb7s\xb2\xd3\xa9\xfa\xc5\xe9+5+1,Bold')
2025-07-31 19:54:42,492 [WARNING] Illegal character in Name Object (b'/\xb7s\xb2\xd3\xa9\xfa\xc5\xe9+5+1,Bold')
2025-07-31 19:54:42,773 [WARNING] Illegal character in Name Object (b'/\xb7s\xb2\xd3\xa9\xfa\xc5\xe9+5+1,Bold')
2025-07-31 19:54:52,234 [INFO] Job running: update-db (indexed=0) error=None
2025-07-31 19:54:52,793 [INFO] Job running: update-db (indexed=0) error=None
2025-07-31 19:54:57,708 [INFO] Job running: index-faiss(228) (indexed=0) error=None
2025-07-31 19:54:58,672 [INFO] Job running: index-faiss(228) (indexed=0) error=None
2025-07-31 19:55:13,465 [INFO] Job done: smart-rescan (indexed=3) error=None
2025-07-31 19:55:14,440 [INFO] Job done: smart-rescan (indexed=3) error=None
2025-07-31 19:55:33,457 [INFO] \U0001f504 Auto Smart Rescan Triggered from watcher.
2025-07-31 19:55:33,457 [INFO] Job running: compute-changes (indexed=0) error=None
2025-07-31 19:55:33,606 [INFO] Job running: apply-deletes(0) (indexed=0) error=None
2025-07-31 19:55:33,636 [INFO] Job running: build-docs(228) (indexed=0) error=None
2025-07-31 19:55:42,297 [WARNING] Illegal character in Name Object (b'/\xb7s\xb2\xd3\xa9\xfa\xc5\xe9+2+1')
2025-07-31 19:55:42,297 [WARNING] Illegal character in Name Object (b'/\xb7s\xb2\xd3\xa9\xfa\xc5\xe9')
2025-07-31 19:55:42,469 [WARNING] Illegal character in Name Object (b'/\xb7s\xb2\xd3\xa9\xfa\xc5\xe9+5+1,Bold')
2025-07-31 19:55:44,813 [WARNING] Illegal character in Name Object (b'/\xb7s\xb2\xd3\xa9\xfa\xc5\xe9+5+1,Bold')
2025-07-31 19:55:51,297 [INFO] Job running: update-db (indexed=0) error=None
2025-07-31 19:55:55,726 [INFO] Job running: index-faiss(228) (indexed=0) error=None
2025-07-31 19:56:15,839 [INFO] Job done: smart-rescan (indexed=1) error=None
2025-07-31 19:56:33,460 [INFO] \U0001f504 Auto Smart Rescan Triggered from watcher.
2025-07-31 19:56:33,460 [INFO] Job running: compute-changes (indexed=0) error=None
2025-07-31 19:56:33,582 [INFO] Job running: apply-deletes(0) (indexed=0) error=None
2025-07-31 19:56:33,622 [INFO] Job running: build-docs(228) (indexed=0) error=None
2025-07-31 19:56:42,421 [WARNING] Illegal character in Name Object (b'/\xb7s\xb2\xd3\xa9\xfa\xc5\xe9+2+1')
2025-07-31 19:56:42,421 [WARNING] Illegal character in Name Object (b'/\xb7s\xb2\xd3\xa9\xfa\xc5\xe9')
2025-07-31 19:56:42,627 [WARNING] Illegal character in Name Object (b'/\xb7s\xb2\xd3\xa9\xfa\xc5\xe9+5+1,Bold')
2025-07-31 19:56:44,820 [WARNING] Illegal character in Name Object (b'/\xb7s\xb2\xd3\xa9\xfa\xc5\xe9+5+1,Bold')
2025-07-31 19:56:51,771 [INFO] Job running: update-db (indexed=0) error=None
2025-07-31 19:56:56,290 [INFO] Job running: index-faiss(228) (indexed=0) error=None
2025-07-31 19:57:16,687 [INFO] Job done: smart-rescan (indexed=1) error=None
2025-07-31 19:57:33,462 [INFO] \U0001f504 Auto Smart Rescan Triggered from watcher.
2025-07-31 19:57:33,464 [INFO] Job running: compute-changes (indexed=0) error=None
2025-07-31 19:57:33,587 [INFO] Job running: apply-deletes(0) (indexed=0) error=None
2025-07-31 19:57:33,621 [INFO] Job running: build-docs(228) (indexed=0) error=None
2025-07-31 19:57:41,675 [WARNING] Illegal character in Name Object (b'/\xb7s\xb2\xd3\xa9\xfa\xc5\xe9+2+1')
2025-07-31 19:57:41,675 [WARNING] Illegal character in Name Object (b'/\xb7s\xb2\xd3\xa9\xfa\xc5\xe9')
2025-07-31 19:57:41,775 [WARNING] Illegal character in Name Object (b'/\xb7s\xb2\xd3\xa9\xfa\xc5\xe9+5+1,Bold')
2025-07-31 19:57:43,901 [WARNING] Illegal character in Name Object (b'/\xb7s\xb2\xd3\xa9\xfa\xc5\xe9+5+1,Bold')
2025-07-31 19:57:49,436 [INFO] Job running: update-db (indexed=0) error=None
2025-07-31 19:57:51,968 [INFO] Job running: index-faiss(228) (indexed=0) error=None
2025-07-31 19:58:01,332 [INFO] Job done: smart-rescan (indexed=1) error=None
2025-07-31 19:58:33,465 [INFO] \U0001f504 Auto Smart Rescan Triggered from watcher.
2025-07-31 19:58:33,467 [INFO] Job running: compute-changes (indexed=0) error=None
2025-07-31 19:58:33,508 [INFO] Job running: apply-deletes(0) (indexed=0) error=None
2025-07-31 19:58:33,532 [INFO] Job running: build-docs(229) (indexed=0) error=None
2025-07-31 19:58:36,640 [WARNING] Illegal character in Name Object (b'/\xb7s\xb2\xd3\xa9\xfa\xc5\xe9+2+1')
2025-07-31 19:58:36,641 [WARNING] Illegal character in Name Object (b'/\xb7s\xb2\xd3\xa9\xfa\xc5\xe9')
2025-07-31 19:58:36,695 [WARNING] Illegal character in Name Object (b'/\xb7s\xb2\xd3\xa9\xfa\xc5\xe9+5+1,Bold')
2025-07-31 19:58:37,622 [WARNING] Illegal character in Name Object (b'/\xb7s\xb2\xd3\xa9\xfa\xc5\xe9+5+1,Bold')
2025-07-31 19:58:39,912 [INFO] Job running: update-db (indexed=0) error=None
2025-07-31 19:58:42,577 [INFO] Job running: index-faiss(229) (indexed=0) error=None
2025-07-31 19:58:51,863 [INFO] Job done: smart-rescan (indexed=2) error=None
2025-07-31 19:59:12,927 [INFO] 127.0.0.1 - - [31/Jul/2025 19:59:12] "POST /task HTTP/1.1" 200 -
2025-07-31 19:59:33,467 [INFO] \U0001f504 Auto Smart Rescan Triggered from watcher.
2025-07-31 19:59:33,468 [INFO] Job running: compute-changes (indexed=0) error=None
2025-07-31 19:59:33,503 [INFO] Job running: apply-deletes(0) (indexed=0) error=None
2025-07-31 19:59:33,504 [INFO] Job running: build-docs(229) (indexed=0) error=None
2025-07-31 19:59:35,507 [WARNING] Illegal character in Name Object (b'/\xb7s\xb2\xd3\xa9\xfa\xc5\xe9+2+1')
2025-07-31 19:59:35,508 [WARNING] Illegal character in Name Object (b'/\xb7s\xb2\xd3\xa9\xfa\xc5\xe9')
2025-07-31 19:59:35,580 [WARNING] Illegal character in Name Object (b'/\xb7s\xb2\xd3\xa9\xfa\xc5\xe9+5+1,Bold')
2025-07-31 19:59:36,194 [WARNING] Illegal character in Name Object (b'/\xb7s\xb2\xd3\xa9\xfa\xc5\xe9+5+1,Bold')
2025-07-31 19:59:37,738 [INFO] Job running: update-db (indexed=0) error=None
2025-07-31 19:59:39,335 [INFO] Job running: index-faiss(229) (indexed=0) error=None
2025-07-31 19:59:45,553 [INFO] Job done: smart-rescan (indexed=1) error=None
2025-07-31 20:00:33,470 [INFO] \U0001f504 Auto Smart Rescan Triggered from watcher.
2025-07-31 20:00:33,471 [INFO] Job running: compute-changes (indexed=0) error=None
2025-07-31 20:00:33,504 [INFO] Job running: apply-deletes(0) (indexed=0) error=None
2025-07-31 20:00:33,526 [INFO] Job running: build-docs(229) (indexed=0) error=None
2025-07-31 20:00:35,578 [WARNING] Illegal character in Name Object (b'/\xb7s\xb2\xd3\xa9\xfa\xc5\xe9+2+1')
2025-07-31 20:00:35,578 [WARNING] Illegal character in Name Object (b'/\xb7s\xb2\xd3\xa9\xfa\xc5\xe9')
2025-07-31 20:00:35,732 [WARNING] Illegal character in Name Object (b'/\xb7s\xb2\xd3\xa9\xfa\xc5\xe9+5+1,Bold')
2025-07-31 20:00:36,255 [WARNING] Illegal character in Name Object (b'/\xb7s\xb2\xd3\xa9\xfa\xc5\xe9+5+1,Bold')
2025-07-31 20:00:37,860 [INFO] Job running: update-db (indexed=0) error=None
2025-07-31 20:00:39,573 [INFO] Job running: index-faiss(229) (indexed=0) error=None
2025-07-31 20:00:46,734 [INFO] Job done: smart-rescan (indexed=1) error=None
2025-07-31 20:01:33,472 [INFO] \U0001f504 Auto Smart Rescan Triggered from watcher.
2025-07-31 20:01:33,473 [INFO] Job running: compute-changes (indexed=0) error=None
2025-07-31 20:01:33,507 [INFO] Job running: apply-deletes(0) (indexed=0) error=None
2025-07-31 20:01:33,522 [INFO] Job running: build-docs(229) (indexed=0) error=None
2025-07-31 20:01:35,664 [WARNING] Illegal character in Name Object (b'/\xb7s\xb2\xd3\xa9\xfa\xc5\xe9+2+1')
2025-07-31 20:01:35,665 [WARNING] Illegal character in Name Object (b'/\xb7s\xb2\xd3\xa9\xfa\xc5\xe9')
2025-07-31 20:01:35,711 [WARNING] Illegal character in Name Object (b'/\xb7s\xb2\xd3\xa9\xfa\xc5\xe9+5+1,Bold')
2025-07-31 20:01:36,231 [WARNING] Illegal character in Name Object (b'/\xb7s\xb2\xd3\xa9\xfa\xc5\xe9+5+1,Bold')
2025-07-31 20:01:37,832 [INFO] Job running: update-db (indexed=0) error=None
2025-07-31 20:01:39,447 [INFO] Job running: index-faiss(229) (indexed=0) error=None
2025-07-31 20:01:46,344 [INFO] Job done: smart-rescan (indexed=1) error=None
2025-07-31 20:02:33,474 [INFO] \U0001f504 Auto Smart Rescan Triggered from watcher.
2025-07-31 20:02:33,475 [INFO] Job running: compute-changes (indexed=0) error=None
2025-07-31 20:02:33,510 [INFO] Job running: apply-deletes(0) (indexed=0) error=None
2025-07-31 20:02:33,535 [INFO] Job running: build-docs(229) (indexed=0) error=None
2025-07-31 20:02:35,653 [WARNING] Illegal character in Name Object (b'/\xb7s\xb2\xd3\xa9\xfa\xc5\xe9+2+1')
2025-07-31 20:02:35,654 [WARNING] Illegal character in Name Object (b'/\xb7s\xb2\xd3\xa9\xfa\xc5\xe9')
2025-07-31 20:02:35,706 [WARNING] Illegal character in Name Object (b'/\xb7s\xb2\xd3\xa9\xfa\xc5\xe9+5+1,Bold')
2025-07-31 20:02:36,355 [WARNING] Illegal character in Name Object (b'/\xb7s\xb2\xd3\xa9\xfa\xc5\xe9+5+1,Bold')
2025-07-31 20:02:37,861 [INFO] Job running: update-db (indexed=0) error=None
2025-07-31 20:02:39,504 [INFO] Job running: index-faiss(229) (indexed=0) error=None
2025-07-31 20:02:46,075 [INFO] Job done: smart-rescan (indexed=1) error=None
2025-07-31 20:03:33,476 [INFO] \U0001f504 Auto Smart Rescan Triggered from watcher.
2025-07-31 20:03:33,477 [INFO] Job running: compute-changes (indexed=0) error=None
2025-07-31 20:03:33,512 [INFO] Job running: apply-deletes(0) (indexed=0) error=None
2025-07-31 20:03:33,512 [INFO] Job running: build-docs(229) (indexed=0) error=None
2025-07-31 20:03:35,711 [WARNING] Illegal character in Name Object (b'/\xb7s\xb2\xd3\xa9\xfa\xc5\xe9+2+1')
2025-07-31 20:03:35,711 [WARNING] Illegal character in Name Object (b'/\xb7s\xb2\xd3\xa9\xfa\xc5\xe9')
2025-07-31 20:03:35,758 [WARNING] Illegal character in Name Object (b'/\xb7s\xb2\xd3\xa9\xfa\xc5\xe9+5+1,Bold')
2025-07-31 20:03:36,384 [WARNING] Illegal character in Name Object (b'/\xb7s\xb2\xd3\xa9\xfa\xc5\xe9+5+1,Bold')
2025-07-31 20:03:37,964 [INFO] Job running: update-db (indexed=0) error=None
2025-07-31 20:03:40,084 [INFO] Job running: index-faiss(229) (indexed=0) error=None
2025-07-31 20:03:49,513 [INFO] Job done: smart-rescan (indexed=1) error=None
2025-07-31 20:04:33,478 [INFO] \U0001f504 Auto Smart Rescan Triggered from watcher.
2025-07-31 20:04:33,479 [INFO] Job running: compute-changes (indexed=0) error=None
2025-07-31 20:04:33,541 [INFO] Job running: apply-deletes(0) (indexed=0) error=None
2025-07-31 20:04:33,556 [INFO] Job running: build-docs(229) (indexed=0) error=None
2025-07-31 20:04:36,412 [WARNING] Illegal character in Name Object (b'/\xb7s\xb2\xd3\xa9\xfa\xc5\xe9+2+1')
2025-07-31 20:04:36,412 [WARNING] Illegal character in Name Object (b'/\xb7s\xb2\xd3\xa9\xfa\xc5\xe9')
2025-07-31 20:04:36,630 [WARNING] Illegal character in Name Object (b'/\xb7s\xb2\xd3\xa9\xfa\xc5\xe9+5+1,Bold')
2025-07-31 20:04:37,407 [WARNING] Illegal character in Name Object (b'/\xb7s\xb2\xd3\xa9\xfa\xc5\xe9+5+1,Bold')
2025-07-31 20:04:39,524 [INFO] Job running: update-db (indexed=0) error=None
2025-07-31 20:04:41,997 [INFO] Job running: index-faiss(229) (indexed=0) error=None
2025-07-31 20:04:51,179 [INFO] Job done: smart-rescan (indexed=1) error=None
2025-07-31 20:05:33,480 [INFO] \U0001f504 Auto Smart Rescan Triggered from watcher.
2025-07-31 20:05:33,481 [INFO] Job running: compute-changes (indexed=0) error=None
2025-07-31 20:05:33,545 [INFO] Job running: apply-deletes(0) (indexed=0) error=None
2025-07-31 20:05:33,572 [INFO] Job running: build-docs(229) (indexed=0) error=None
2025-07-31 20:05:36,783 [WARNING] Illegal character in Name Object (b'/\xb7s\xb2\xd3\xa9\xfa\xc5\xe9+2+1')
2025-07-31 20:05:36,785 [WARNING] Illegal character in Name Object (b'/\xb7s\xb2\xd3\xa9\xfa\xc5\xe9')
2025-07-31 20:05:36,868 [WARNING] Illegal character in Name Object (b'/\xb7s\xb2\xd3\xa9\xfa\xc5\xe9+5+1,Bold')
2025-07-31 20:05:37,853 [WARNING] Illegal character in Name Object (b'/\xb7s\xb2\xd3\xa9\xfa\xc5\xe9+5+1,Bold')
2025-07-31 20:05:40,374 [INFO] Job running: update-db (indexed=0) error=None
2025-07-31 20:05:43,113 [INFO] Job running: index-faiss(229) (indexed=0) error=None
2025-07-31 20:05:52,208 [INFO] Job done: smart-rescan (indexed=1) error=None
2025-07-31 20:06:33,482 [INFO] \U0001f504 Auto Smart Rescan Triggered from watcher.
2025-07-31 20:06:33,483 [INFO] Job running: compute-changes (indexed=0) error=None
2025-07-31 20:06:33,516 [INFO] Job running: apply-deletes(0) (indexed=0) error=None
2025-07-31 20:06:33,538 [INFO] Job running: build-docs(230) (indexed=0) error=None
2025-07-31 20:06:35,743 [WARNING] Illegal character in Name Object (b'/\xb7s\xb2\xd3\xa9\xfa\xc5\xe9+2+1')
2025-07-31 20:06:35,743 [WARNING] Illegal character in Name Object (b'/\xb7s\xb2\xd3\xa9\xfa\xc5\xe9')
2025-07-31 20:06:35,788 [WARNING] Illegal character in Name Object (b'/\xb7s\xb2\xd3\xa9\xfa\xc5\xe9+5+1,Bold')
2025-07-31 20:06:36,311 [WARNING] Illegal character in Name Object (b'/\xb7s\xb2\xd3\xa9\xfa\xc5\xe9+5+1,Bold')
